Using pre-set license
Built from '2020.3/staging' branch; Version is '2020.3.9f1 (108be757e447) revision 1084391'; Using compiler version '192528614'; Build Type 'Release'
OS: 'Windows 10 Pro; OS build 19042.985; Version 2009; 64bit' Language: 'en' Physical Memory: 16327 MB
BatchMode: 1, IsHumanControllingUs: 0, StartBugReporterOnCrash: 0, Is64bit: 1, IsPro: 0

 COMMAND LINE ARGUMENTS:
C:\Program Files\Unity\Hub\Editor\2020.3.9f1\Editor\Unity.exe
-adb2
-batchMode
-noUpm
-name
AssetImportWorker0
-projectPath
D:/Unity Projects/Unity2D/Match Three/match Three
-logFile
Logs/AssetImportWorker0.log
-srvPort
62362
Successfully changed project path to: D:/Unity Projects/Unity2D/Match Three/match Three
D:/Unity Projects/Unity2D/Match Three/match Three
Using Asset Import Pipeline V2.
Refreshing native plugins compatible for Editor in 29.87 ms, found 1 plugins.
Preloading 0 native plugins for Editor in 0.00 ms.
Initialize engine version: 2020.3.9f1 (108be757e447)
[Subsystems] Discovering subsystems at path C:/Program Files/Unity/Hub/Editor/2020.3.9f1/Editor/Data/Resources/UnitySubsystems
[Subsystems] Discovering subsystems at path D:/Unity Projects/Unity2D/Match Three/match Three/Assets
GfxDevice: creating device client; threaded=0
Direct3D:
    Version:  Direct3D 11.0 [level 11.1]
    Renderer: NVIDIA GeForce RTX 2080 Ti (ID=0x1e07)
    Vendor:   
    VRAM:     11048 MB
    Driver:   27.21.14.6627
Initialize mono
Mono path[0] = 'C:/Program Files/Unity/Hub/Editor/2020.3.9f1/Editor/Data/Managed'
Mono path[1] = 'C:/Program Files/Unity/Hub/Editor/2020.3.9f1/Editor/Data/MonoBleedingEdge/lib/mono/unityjit'
Mono config path = 'C:/Program Files/Unity/Hub/Editor/2020.3.9f1/Editor/Data/MonoBleedingEdge/etc'
Using monoOptions --debugger-agent=transport=dt_socket,embedding=1,server=y,suspend=n,address=127.0.0.1:56228
Begin MonoManager ReloadAssembly
Registering precompiled unity dll's ...
Register platform support module: C:/Program Files/Unity/Hub/Editor/2020.3.9f1/Editor/Data/PlaybackEngines/WebGLSupport/UnityEditor.WebGL.Extensions.dll
Register platform support module: C:/Program Files/Unity/Hub/Editor/2020.3.9f1/Editor/Data/PlaybackEngines/WindowsStandaloneSupport/UnityEditor.WindowsStandalone.Extensions.dll
Registered in 0.001697 seconds.
Native extension for WindowsStandalone target not found
Native extension for WebGL target not found
Refreshing native plugins compatible for Editor in 30.13 ms, found 1 plugins.
Preloading 0 native plugins for Editor in 0.00 ms.
Mono: successfully reloaded assembly
- Completed reload, in  0.956 seconds
Platform modules already initialized, skipping
Registering precompiled user dll's ...
Registered in 0.000531 seconds.
Begin MonoManager ReloadAssembly
Native extension for WindowsStandalone target not found
Native extension for WebGL target not found
Refreshing native plugins compatible for Editor in 30.35 ms, found 1 plugins.
Preloading 0 native plugins for Editor in 0.00 ms.
Mono: successfully reloaded assembly
- Completed reload, in  1.090 seconds
Platform modules already initialized, skipping
========================================================================
Worker process is ready to serve import requests
Launched and connected shader compiler UnityShaderCompiler.exe after 0.05 seconds
Refreshing native plugins compatible for Editor in 0.31 ms, found 1 plugins.
Preloading 0 native plugins for Editor in 0.00 ms.
Unloading 1817 Unused Serialized files (Serialized files now loaded: 0)
System memory in use before: 85.2 MB.
System memory in use after: 85.1 MB.

Unloading 24 unused Assets to reduce memory usage. Loaded Objects now: 2260.
Total: 1.672900 ms (FindLiveObjects: 0.181600 ms CreateObjectMapping: 0.043200 ms MarkObjects: 1.352500 ms  DeleteObjects: 0.094700 ms)

========================================================================
Received Import Request.
  path: Assets/Scripts/BoardManager.cs
  artifactKey: Guid(a046fb83311bebe48a77bca6906a24e8) Importer(815301076,1909f56bfc062723c751e8b465ee728b)
Start importing Assets/Scripts/BoardManager.cs using Guid(a046fb83311bebe48a77bca6906a24e8) Importer(815301076,1909f56bfc062723c751e8b465ee728b)  -> (artifact id: '47291697ecdacf287739ffc38d01ae38') in 0.024141 seconds
  Import took 0.026480 seconds .

========================================================================
Received Import Request.
  Time since last request: 0.000177 seconds.
  path: Assets/Scripts/GameFlowManager.cs
  artifactKey: Guid(9483bf1d75017b2459be170d2a3ad99d) Importer(815301076,1909f56bfc062723c751e8b465ee728b)
Start importing Assets/Scripts/GameFlowManager.cs using Guid(9483bf1d75017b2459be170d2a3ad99d) Importer(815301076,1909f56bfc062723c751e8b465ee728b)  -> (artifact id: 'ced9dc1f38745ec5ba5e1957d1b579cf') in 0.000964 seconds
  Import took 0.023914 seconds .

========================================================================
Received Import Request.
  Time since last request: 0.000185 seconds.
  path: Assets/Scripts/ScoreManager.cs
  artifactKey: Guid(e08923e12bf7b6b45806b4c3b8d03df8) Importer(815301076,1909f56bfc062723c751e8b465ee728b)
Start importing Assets/Scripts/ScoreManager.cs using Guid(e08923e12bf7b6b45806b4c3b8d03df8) Importer(815301076,1909f56bfc062723c751e8b465ee728b)  -> (artifact id: 'f357bc8569e8c5b8fb7b10ca743e63e1') in 0.000922 seconds
  Import took 0.002941 seconds .

========================================================================
Received Import Request.
  Time since last request: 0.000143 seconds.
  path: Assets/Scripts/SoundManager.cs
  artifactKey: Guid(1bc3582c62631c24f8890b0478c2d1ec) Importer(815301076,1909f56bfc062723c751e8b465ee728b)
Start importing Assets/Scripts/SoundManager.cs using Guid(1bc3582c62631c24f8890b0478c2d1ec) Importer(815301076,1909f56bfc062723c751e8b465ee728b)  -> (artifact id: '02c48f489a2e8ca95eb7fe924e7b5e32') in 0.000807 seconds
  Import took 0.002876 seconds .

========================================================================
Received Import Request.
  Time since last request: 2.007346 seconds.
  path: Assets/Scripts/TileController.cs
  artifactKey: Guid(25bf5797f5d201344a40b9c230196651) Importer(815301076,1909f56bfc062723c751e8b465ee728b)
Start importing Assets/Scripts/TileController.cs using Guid(25bf5797f5d201344a40b9c230196651) Importer(815301076,1909f56bfc062723c751e8b465ee728b)  -> (artifact id: 'da3b524ae92e80ea375d09a8aafc40d7') in 0.000922 seconds
  Import took 0.003089 seconds .

========================================================================
Received Import Request.
  Time since last request: 0.000589 seconds.
  path: Assets/Scripts/TileController.cs
  artifactKey: Guid(25bf5797f5d201344a40b9c230196651) Importer(815301076,1909f56bfc062723c751e8b465ee728b)
Start importing Assets/Scripts/TileController.cs using Guid(25bf5797f5d201344a40b9c230196651) Importer(815301076,1909f56bfc062723c751e8b465ee728b)  -> (artifact id: 'da3b524ae92e80ea375d09a8aafc40d7') in 0.000730 seconds
  Import took 0.002475 seconds .

========================================================================
Received Import Request.
  Time since last request: 0.317263 seconds.
  path: Assets/Scripts/TimeManager.cs
  artifactKey: Guid(f438bffb83449c4448458bd69b9eb7fb) Importer(815301076,1909f56bfc062723c751e8b465ee728b)
Start importing Assets/Scripts/TimeManager.cs using Guid(f438bffb83449c4448458bd69b9eb7fb) Importer(815301076,1909f56bfc062723c751e8b465ee728b)  -> (artifact id: '27bb41976d8b4a0b15f4b688087ea021') in 0.000936 seconds
  Import took 0.003829 seconds .

========================================================================
Received Import Request.
  Time since last request: 0.445492 seconds.
  path: Assets/Scripts/UIGameOver.cs
  artifactKey: Guid(a7ffaad23191fa548a766c48c20e4f65) Importer(815301076,1909f56bfc062723c751e8b465ee728b)
Start importing Assets/Scripts/UIGameOver.cs using Guid(a7ffaad23191fa548a766c48c20e4f65) Importer(815301076,1909f56bfc062723c751e8b465ee728b)  -> (artifact id: 'e728ddf3c7cc3c534e77905926919c5f') in 0.000929 seconds
  Import took 0.003102 seconds .

========================================================================
Received Import Request.
  Time since last request: 0.000249 seconds.
  path: Assets/Scripts/UIGameOver.cs
  artifactKey: Guid(a7ffaad23191fa548a766c48c20e4f65) Importer(815301076,1909f56bfc062723c751e8b465ee728b)
Start importing Assets/Scripts/UIGameOver.cs using Guid(a7ffaad23191fa548a766c48c20e4f65) Importer(815301076,1909f56bfc062723c751e8b465ee728b)  -> (artifact id: 'e728ddf3c7cc3c534e77905926919c5f') in 0.001020 seconds
  Import took 0.003320 seconds .

========================================================================
Received Import Request.
  Time since last request: 0.251767 seconds.
  path: Assets/Scripts/UIScore.cs
  artifactKey: Guid(40df3a5a6b232ae4d997f0d4624fd9b8) Importer(815301076,1909f56bfc062723c751e8b465ee728b)
Start importing Assets/Scripts/UIScore.cs using Guid(40df3a5a6b232ae4d997f0d4624fd9b8) Importer(815301076,1909f56bfc062723c751e8b465ee728b)  -> (artifact id: '5da564df7ff43e594ee69de22bb97be7') in 0.000946 seconds
  Import took 0.031952 seconds .

========================================================================
Received Import Request.
  Time since last request: 0.236451 seconds.
  path: Assets/Scripts/UITime.cs
  artifactKey: Guid(8b4abe97ad510b14581832b8cd80511d) Importer(815301076,1909f56bfc062723c751e8b465ee728b)
Start importing Assets/Scripts/UITime.cs using Guid(8b4abe97ad510b14581832b8cd80511d) Importer(815301076,1909f56bfc062723c751e8b465ee728b)  -> (artifact id: '0a0ccbfc55227108ca8e8d66e628918b') in 0.000956 seconds
  Import took 0.003364 seconds .

========================================================================
Received Prepare
Registering precompiled user dll's ...
Registered in 0.000673 seconds.
Begin MonoManager ReloadAssembly
Native extension for WindowsStandalone target not found
Native extension for WebGL target not found
Refreshing native plugins compatible for Editor in 0.35 ms, found 1 plugins.
Preloading 0 native plugins for Editor in 0.00 ms.
Mono: successfully reloaded assembly
- Completed reload, in  0.651 seconds
Platform modules already initialized, skipping
Refreshing native plugins compatible for Editor in 0.30 ms, found 1 plugins.
Preloading 0 native plugins for Editor in 0.00 ms.
Unloading 1812 Unused Serialized files (Serialized files now loaded: 0)
System memory in use before: 85.2 MB.
System memory in use after: 85.1 MB.

Unloading 12 unused Assets to reduce memory usage. Loaded Objects now: 2264.
Total: 1.824600 ms (FindLiveObjects: 0.175500 ms CreateObjectMapping: 0.041400 ms MarkObjects: 1.506600 ms  DeleteObjects: 0.100300 ms)

========================================================================
Received Prepare
Refreshing native plugins compatible for Editor in 0.98 ms, found 1 plugins.
Preloading 0 native plugins for Editor in 0.00 ms.
Unloading 10 Unused Serialized files (Serialized files now loaded: 0)
System memory in use before: 49.5 MB.
System memory in use after: 49.5 MB.

Unloading 10 unused Assets to reduce memory usage. Loaded Objects now: 2264.
Total: 1.877400 ms (FindLiveObjects: 0.277400 ms CreateObjectMapping: 0.044500 ms MarkObjects: 1.447600 ms  DeleteObjects: 0.107100 ms)

AssetImportWorkerClient::OnTransportError - code=2 error=End of file
